Arguments: 
  /usr/local/bin/node /usr/local/bin/yarn add -D babel-preset-es2015 babel-preset-stage-0 babel-preset-react babel-cli

PATH: 
  /home/clickapps/.rbenv/plugins/ruby-build/bin:/home/clickapps/.rbenv/shims:/home/clickapps/.rbenv/bin:/usr/local/sbin:/usr/local/bin:/usr/sbin:/usr/bin:/sbin:/bin:/usr/games:/usr/local/games:/snap/bin:/usr/lib/jvm/java-8-oracle/bin:/usr/lib/jvm/java-8-oracle/db/bin:/usr/lib/jvm/java-8-oracle/jre/bin:/home/clickapps/.rvm/bin

Yarn version: 
  1.3.2

Node version: 
  8.5.0

Platform: 
  linux x64

npm manifest: 
  {
    "name": "react-nested-route",
    "version": "0.0.8",
    "description": "Make nested route simple and easy to use.",
    "license": "MIT",
    "repository": "binothman/react-nested-route",
    "main": "build/index.js",
    "peerDependencies": {
      "react": "^16.1.1"
    },
    "dependencies": {
      "babel-cli": "^6.26.0",
      "babel-core": "^6.26.0",
      "babel-loader": "^7.1.2",
      "babel-plugin-transform-object-rest-spread": "^6.26.0",
      "babel-plugin-transform-react-jsx": "^6.24.1",
      "babel-preset-env": "^1.6.1",
      "babel-preset-es2015": "^6.24.1",
      "babel-preset-react": "^6.24.1",
      "react": "^16.1.1",
      "react-dom": "^16.1.1",
      "react-router": "^4.2.0",
      "react-router-dom": "^4.2.2",
      "webpack": "^3.8.1"
    },
    "scripts": {
      "build": "webpack",
      "lib": "babel node_modules --out-dir lib --copy-files",
    },
    "author": {
      "name": "Mohamed Binothman",
      "email": "binothman.mo@gmail.com",
      "twitter": "@mbocoder",
      "url": "https://github.com/binothman"
    },
    "devDependencies": {},
    "keywords": [
      "router",
      "nested router",
      "reactjs",
      "react",
      "react-nested-router",
      "react-router"
    ]
  }

yarn manifest: 
  No manifest

Lockfile: 
  No lockfile

Trace: 
  SyntaxError: /var/www/html/react-nr/package.json: Unexpected token } in JSON at position 839
      at JSON.parse (<anonymous>)
      at /usr/local/lib/node_modules/yarn/lib/cli.js:770:59
      at Generator.next (<anonymous>)
      at step (/usr/local/lib/node_modules/yarn/lib/cli.js:92:30)
      at /usr/local/lib/node_modules/yarn/lib/cli.js:103:13
      at <anonymous>
